<?xml version="1.0" encoding="UTF-8"?>
<!-- Generated by org.testng.reporters.JUnitReportReporter -->
<testsuite name="example.SampleTest" tests="1" time="12.237" ignored="0" failures="0" timestamp="24 Mar 2017 15:51:57 GMT" skipped="0" hostname="LP-R90184V9" errors="0">
  <testcase name="launchOpenCart" time="12.237" classname="example.SampleTest"/>
</testsuite> <!-- example.SampleTest -->
