<?xml version="1.0" encoding="UTF-8"?>
<!-- Generated by org.testng.reporters.JUnitReportReporter -->
<testsuite name="example.SampleTest" tests="1" time="7.428" ignored="0" failures="0" timestamp="23 May 2017 14:39:00 GMT" skipped="0" hostname="LP-R90184V9" errors="0">
  <testcase name="launchOpenCart" time="7.428" classname="example.SampleTest"/>
</testsuite> <!-- example.SampleTest -->
